Start testing: Dec 04 16:06 EST
----------------------------------------------------------
1/4 Testing: read a record
1/4 Test: read a record
Command: "/cygdrive/c/Users/Brian/Desktop/EC504/PointQuery/build/test/point_query_tests.exe" "read a record"
Directory: /cygdrive/c/Users/Brian/Desktop/EC504/PointQuery/build/test
"read a record" start time: Dec 04 16:06 EST
Output:
----------------------------------------------------------

~~~~~~~~~~~~~~~~~~~~~~~~~~~~~~~~~~~~~~~~~~~~~~~~~~~~~~~~~~~~~~~~~~~~~~~~~~~~~~~
point_query_tests is a Catch v2.5.0 host application.
Run with -? for options

-------------------------------------------------------------------------------
read a record
-------------------------------------------------------------------------------
/cygdrive/c/Users/Brian/Desktop/EC504/PointQuery/test/CountyRecord.cpp:5
...............................................................................

/cygdrive/c/Users/Brian/Desktop/EC504/PointQuery/test/CountyRecord.cpp:9: FAILED:
  REQUIRE( record.m_state == "AR" )
with expansion:
  "" == "AR"

===============================================================================
test cases: 1 | 1 failed
assertions: 1 | 1 failed

<end of output>
Test time =   0.08 sec
----------------------------------------------------------
Test Failed.
"read a record" end time: Dec 04 16:06 EST
"read a record" time elapsed: 00:00:00
----------------------------------------------------------

2/4 Testing: fail to read an incomplete record
2/4 Test: fail to read an incomplete record
Command: "/cygdrive/c/Users/Brian/Desktop/EC504/PointQuery/build/test/point_query_tests.exe" "fail to read an incomplete record"
Directory: /cygdrive/c/Users/Brian/Desktop/EC504/PointQuery/build/test
"fail to read an incomplete record" start time: Dec 04 16:06 EST
Output:
----------------------------------------------------------

~~~~~~~~~~~~~~~~~~~~~~~~~~~~~~~~~~~~~~~~~~~~~~~~~~~~~~~~~~~~~~~~~~~~~~~~~~~~~~~
point_query_tests is a Catch v2.5.0 host application.
Run with -? for options

-------------------------------------------------------------------------------
fail to read an incomplete record
-------------------------------------------------------------------------------
/cygdrive/c/Users/Brian/Desktop/EC504/PointQuery/test/CountyRecord.cpp:15
...............................................................................

/cygdrive/c/Users/Brian/Desktop/EC504/PointQuery/test/CountyRecord.cpp:17: FAILED:
  REQUIRE_THROWS( CountyRecord::FromString("AR") )
because no exception was thrown where one was expected:

===============================================================================
test cases: 1 | 1 failed
assertions: 1 | 1 failed

<end of output>
Test time =   0.08 sec
----------------------------------------------------------
Test Failed.
"fail to read an incomplete record" end time: Dec 04 16:06 EST
"fail to read an incomplete record" time elapsed: 00:00:00
----------------------------------------------------------

3/4 Testing: verify a good header
3/4 Test: verify a good header
Command: "/cygdrive/c/Users/Brian/Desktop/EC504/PointQuery/build/test/point_query_tests.exe" "verify a good header"
Directory: /cygdrive/c/Users/Brian/Desktop/EC504/PointQuery/build/test
"verify a good header" start time: Dec 04 16:06 EST
Output:
----------------------------------------------------------

~~~~~~~~~~~~~~~~~~~~~~~~~~~~~~~~~~~~~~~~~~~~~~~~~~~~~~~~~~~~~~~~~~~~~~~~~~~~~~~
point_query_tests is a Catch v2.5.0 host application.
Run with -? for options

-------------------------------------------------------------------------------
verify a good header
-------------------------------------------------------------------------------
/cygdrive/c/Users/Brian/Desktop/EC504/PointQuery/test/CountyRecord.cpp:20
...............................................................................

/cygdrive/c/Users/Brian/Desktop/EC504/PointQuery/test/CountyRecord.cpp:22: FAILED:
  REQUIRE( CountyRecord::IsValidHeader("STATE_ALPHA	COUNTY_NAME	PRIM_LAT_DEC	PRIM_LONG_DEC\n") )
with expansion:
  false

===============================================================================
test cases: 1 | 1 failed
assertions: 1 | 1 failed

<end of output>
Test time =   0.08 sec
----------------------------------------------------------
Test Failed.
"verify a good header" end time: Dec 04 16:06 EST
"verify a good header" time elapsed: 00:00:00
----------------------------------------------------------

4/4 Testing: fail to verify an incomplete header
4/4 Test: fail to verify an incomplete header
Command: "/cygdrive/c/Users/Brian/Desktop/EC504/PointQuery/build/test/point_query_tests.exe" "fail to verify an incomplete header"
Directory: /cygdrive/c/Users/Brian/Desktop/EC504/PointQuery/build/test
"fail to verify an incomplete header" start time: Dec 04 16:06 EST
Output:
----------------------------------------------------------
===============================================================================
All tests passed (1 assertion in 1 test case)

<end of output>
Test time =   0.07 sec
----------------------------------------------------------
Test Passed.
"fail to verify an incomplete header" end time: Dec 04 16:06 EST
"fail to verify an incomplete header" time elapsed: 00:00:00
----------------------------------------------------------

End testing: Dec 04 16:06 EST
